<?xml version="1.0" encoding="UTF-8"?>
<!-- Generated by org.testng.reporters.JUnitXMLReporter -->
<testsuite hostname="DESKTOP-GRBO14F" ignored="0" tests="6" failures="0" timestamp="2021-06-14T22:51:09 IST" time="63.317" errors="0">
  <testcase name="selTest" time="13.354" classname="Selenium2Test"/>
  <testcase name="selTestSelect" time="10.008" classname="Selenium2Test"/>
  <testcase name="selTestalert" time="10.998" classname="Selenium2Test"/>
  <testcase name="selTesthover" time="6.342" classname="Selenium2Test"/>
  <testcase name="selTestkeypress" time="9.206" classname="Selenium2Test"/>
  <testcase name="selTestlasttest" time="8.45" classname="Selenium2Test"/>
</testsuite>
